
> order-ops-dashboard@0.1.0 dev
> vite --host 127.0.0.1 --port 5173

[2m9:16:59 AM[22m [36m[1m[vite][22m[39m [90m[2m(client)[22m[39m Re-optimizing dependencies because lockfile has changed

  [32m[1mVITE[22m v7.3.5[39m  [2mready in [0m[1m317[22m[2m[0m ms[22m

  [32m➜[39m  [1mLocal[22m:   [36mhttp://127.0.0.1:[1m5173[22m/[39m
[2m[32m  ➜[39m[22m[2m  press [22m[1mh + enter[22m[2m to show help[22m
[2m9:26:50 AM[22m [36m[1m[vite][22m[39m [32m.env changed, restarting server...[39m
[2m9:26:50 AM[22m [36m[1m[vite][22m[39m server restarted.
[2m9:47:27 AM[22m [36m[1m[vite][22m[39m [90m[2m(client)[22m[39m [32mhmr update [39m[2m/src/styles.css, /src/pages/CustomerPage.tsx[22m
[2m9:50:31 AM[22m [36m[1m[vite][22m[39m [90m[2m(client)[22m[39m [32mhmr update [39m[2m/src/styles.css, /src/pages/AdminPage.tsx[22m
[2m6:31:20 AM[22m [36m[1m[vite][22m[39m [90m[2m(client)[22m[39m [32mhmr update [39m[2m/src/styles.css, /src/store/AppStore.tsx[22m
[2m6:31:21 AM[22m [36m[1m[vite][22m[39m [90m[2m(client)[22m[39m [33mhmr invalidate [39m[2m/src/store/AppStore.tsx[22m Could not Fast Refresh ("useAppStore" export is incompatible). Learn more at https://github.com/vitejs/vite-plugin-react/tree/main/packages/plugin-react#consistent-components-exports
[2m6:31:21 AM[22m [36m[1m[vite][22m[39m [90m[2m(client)[22m[39m [32mhmr update [39m[2m/src/App.tsx, /src/pages/RegisterPage.tsx, /src/pages/AdminPage.tsx, /src/pages/CustomerPage.tsx, /src/components/customer/TransactionModal.tsx, /src/components/admin/AccountPanel.tsx, /src/components/admin/FinanceTable.tsx, /src/components/admin/OrderTable.tsx, /src/components/admin/BankForm.tsx, /src/components/admin/ProductForm.tsx[22m
[2m6:31:40 AM[22m [36m[1m[vite][22m[39m [90m[2m(client)[22m[39m [32mhmr update [39m[2m/src/styles.css, /src/store/AppStore.tsx[22m
[2m6:31:40 AM[22m [36m[1m[vite][22m[39m [90m[2m(client)[22m[39m [33mhmr invalidate [39m[2m/src/store/AppStore.tsx[22m Could not Fast Refresh ("useAppStore" export is incompatible). Learn more at https://github.com/vitejs/vite-plugin-react/tree/main/packages/plugin-react#consistent-components-exports
[2m6:31:40 AM[22m [36m[1m[vite][22m[39m [90m[2m(client)[22m[39m [32mhmr update [39m[2m/src/App.tsx, /src/pages/RegisterPage.tsx, /src/pages/AdminPage.tsx, /src/pages/CustomerPage.tsx, /src/components/customer/TransactionModal.tsx, /src/components/admin/AccountPanel.tsx, /src/components/admin/FinanceTable.tsx, /src/components/admin/OrderTable.tsx, /src/components/admin/BankForm.tsx, /src/components/admin/ProductForm.tsx[22m
[2m6:35:16 AM[22m [36m[1m[vite][22m[39m [90m[2m(client)[22m[39m [32mhmr update [39m[2m/src/styles.css, /src/store/AppStore.tsx[22m
[2m6:35:16 AM[22m [36m[1m[vite][22m[39m [90m[2m(client)[22m[39m [33mhmr invalidate [39m[2m/src/store/AppStore.tsx[22m Could not Fast Refresh ("useAppStore" export is incompatible). Learn more at https://github.com/vitejs/vite-plugin-react/tree/main/packages/plugin-react#consistent-components-exports
[2m6:35:16 AM[22m [36m[1m[vite][22m[39m [90m[2m(client)[22m[39m [32mhmr update [39m[2m/src/App.tsx, /src/pages/RegisterPage.tsx, /src/pages/AdminPage.tsx, /src/pages/CustomerPage.tsx, /src/components/customer/TransactionModal.tsx, /src/components/admin/AccountPanel.tsx, /src/components/admin/FinanceTable.tsx, /src/components/admin/OrderTable.tsx, /src/components/admin/BankForm.tsx, /src/components/admin/ProductForm.tsx[22m
[2m6:35:32 AM[22m [36m[1m[vite][22m[39m [90m[2m(client)[22m[39m [32mhmr update [39m[2m/src/styles.css, /src/store/AppStore.tsx[22m
[2m6:35:32 AM[22m [36m[1m[vite][22m[39m [90m[2m(client)[22m[39m [33mhmr invalidate [39m[2m/src/store/AppStore.tsx[22m Could not Fast Refresh ("useAppStore" export is incompatible). Learn more at https://github.com/vitejs/vite-plugin-react/tree/main/packages/plugin-react#consistent-components-exports
[2m6:35:32 AM[22m [36m[1m[vite][22m[39m [90m[2m(client)[22m[39m [32mhmr update [39m[2m/src/App.tsx, /src/pages/RegisterPage.tsx, /src/pages/AdminPage.tsx, /src/pages/CustomerPage.tsx, /src/components/customer/TransactionModal.tsx, /src/components/admin/AccountPanel.tsx, /src/components/admin/FinanceTable.tsx, /src/components/admin/OrderTable.tsx, /src/components/admin/BankForm.tsx, /src/components/admin/ProductForm.tsx[22m
[2m6:35:35 AM[22m [36m[1m[vite][22m[39m [90m[2m(client)[22m[39m [32mpage reload [39m[2msrc/data.ts[22m
[2m6:35:56 AM[22m [36m[1m[vite][22m[39m [90m[2m(client)[22m[39m [32mhmr update [39m[2m/src/styles.css[22m
[2m6:41:12 AM[22m [36m[1m[vite][22m[39m [90m[2m(client)[22m[39m [32mhmr update [39m[2m/src/styles.css, /src/pages/CustomerPage.tsx[22m
[2m6:45:35 AM[22m [36m[1m[vite][22m[39m [90m[2m(client)[22m[39m [32mhmr update [39m[2m/src/styles.css, /src/pages/CustomerPage.tsx[22m
[2m6:51:48 AM[22m [36m[1m[vite][22m[39m [90m[2m(client)[22m[39m [32mhmr update [39m[2m/src/styles.css[22m
[2m6:58:28 AM[22m [36m[1m[vite][22m[39m [90m[2m(client)[22m[39m [32mhmr update [39m[2m/src/styles.css[22m
[2m7:10:11 AM[22m [36m[1m[vite][22m[39m [90m[2m(client)[22m[39m [32mhmr update [39m[2m/src/styles.css, /src/store/AppStore.tsx[22m
[2m7:10:11 AM[22m [36m[1m[vite][22m[39m [90m[2m(client)[22m[39m [33mhmr invalidate [39m[2m/src/store/AppStore.tsx[22m Could not Fast Refresh ("useAppStore" export is incompatible). Learn more at https://github.com/vitejs/vite-plugin-react/tree/main/packages/plugin-react#consistent-components-exports
[2m7:10:11 AM[22m [36m[1m[vite][22m[39m [90m[2m(client)[22m[39m [32mhmr update [39m[2m/src/App.tsx, /src/pages/RegisterPage.tsx, /src/pages/AdminPage.tsx, /src/pages/CustomerPage.tsx, /src/components/customer/TransactionModal.tsx, /src/components/admin/AccountPanel.tsx, /src/components/admin/FinanceTable.tsx, /src/components/admin/OrderTable.tsx, /src/components/admin/BankForm.tsx, /src/components/admin/ProductForm.tsx[22m
